<?xml version="1.0" encoding="UTF-8"?>
<testsuite name="edu.jsu.mcis.VolumeCalculatorTest" tests="6" skipped="0" failures="0" errors="0" timestamp="2017-02-24T09:39:40" hostname="Dikoko" time="0.007">
  <properties/>
  <testcase name="testgenArg" classname="edu.jsu.mcis.VolumeCalculatorTest" time="0.004"/>
  <testcase name="parseArgs" classname="edu.jsu.mcis.VolumeCalculatorTest" time="0.0"/>
  <testcase name="addArgsGenArg" classname="edu.jsu.mcis.VolumeCalculatorTest" time="0.0"/>
  <testcase name="TooFewArgs" classname="edu.jsu.mcis.VolumeCalculatorTest" time="0.0"/>
  <testcase name="TooManyArgs" classname="edu.jsu.mcis.VolumeCalculatorTest" time="0.001"/>
  <testcase name="addArgsMultArguments" classname="edu.jsu.mcis.VolumeCalculatorTest" time="0.0"/>
  <system-out><![CDATA[]]></system-out>
  <system-err><![CDATA[]]></system-err>
</testsuite>
